<?xml version="1.0" encoding="UTF-8" ?>
<testsuite tests="3" failures="0" name="com.imooc.web.controller.UserControllerTest" time="0.458" errors="0" skipped="0">
  <properties>
    <property name="java.runtime.name" value="Java(TM) SE Runtime Environment"/>
    <property name="sun.boot.library.path" value="E:\java\jdk1.8.0_152\jre\bin"/>
    <property name="java.vm.version" value="25.152-b16"/>
    <property name="java.vm.vendor" value="Oracle Corporation"/>
    <property name="maven.multiModuleProjectDirectory" value="E:\springcloud\imooc-security"/>
    <property name="java.vendor.url" value="http://java.oracle.com/"/>
    <property name="path.separator" value=";"/>
    <property name="guice.disable.misplaced.annotation.check" value="true"/>
    <property name="java.vm.name" value="Java HotSpot(TM) 64-Bit Server VM"/>
    <property name="file.encoding.pkg" value="sun.io"/>
    <property name="user.script" value=""/>
    <property name="user.country" value="CN"/>
    <property name="sun.java.launcher" value="SUN_STANDARD"/>
    <property name="sun.os.patch.level" value="Service Pack 1"/>
    <property name="java.vm.specification.name" value="Java Virtual Machine Specification"/>
    <property name="user.dir" value="E:\springcloud\imooc-security"/>
    <property name="java.runtime.version" value="1.8.0_152-b16"/>
    <property name="java.awt.graphicsenv" value="sun.awt.Win32GraphicsEnvironment"/>
    <property name="java.endorsed.dirs" value="E:\java\jdk1.8.0_152\jre\lib\endorsed"/>
    <property name="os.arch" value="amd64"/>
    <property name="java.io.tmpdir" value="C:\Users\35-PXI~1\AppData\Local\Temp\"/>
    <property name="line.separator" value="
"/>
    <property name="java.vm.specification.vendor" value="Oracle Corporation"/>
    <property name="user.variant" value=""/>
    <property name="os.name" value="Windows 7"/>
    <property name="classworlds.conf" value="E:\springcloud\.metadata\.plugins\org.eclipse.m2e.launching\launches\m2conf4227411307520711140.tmp"/>
    <property name="sun.jnu.encoding" value="GBK"/>
    <property name="java.library.path" value="E:\java\jdk1.8.0_152\bin;C:\Windows\Sun\Java\bin;C:\Windows\system32;C:\Windows;E:/java/jdk1.8.0_152/bin/../jre/bin/server;E:/java/jdk1.8.0_152/bin/../jre/bin;E:/java/jdk1.8.0_152/bin/../jre/lib/amd64;E:\java\apache-ant-1.10.5\bin;E:\java\spring-1.3.0.RELEASE\bin;E:\java\gradle-4.0.2\bin;E:\java\jdk1.8.0_152\bin;E:\apache-maven-3.3.3\bin;E:\java\jdk1.8.0_152\jre\bin;E:\app\35-pxiaodong\product\11.2.0\dbhome_1\bin;C:\Windows\system32;C:\Windows;C:\Windows\System32\Wbem;C:\Windows\System32\WindowsPowerShell\v1.0\;C:\Program Files (x86)\Intel\OpenCL SDK\2.0\bin\x86;C:\Program Files (x86)\Intel\OpenCL SDK\2.0\bin\x64;C:\Program Files\TortoiseSVN\bin;;E:\java\jdk1.8.0_152\bin;E:\java\jdk1.8.0_152\jre\bin;E:\Program Files (x86)\sts\soft\sts-4.0.0.RELEASE;;."/>
    <property name="java.specification.name" value="Java Platform API Specification"/>
    <property name="java.class.version" value="52.0"/>
    <property name="sun.management.compiler" value="HotSpot 64-Bit Tiered Compilers"/>
    <property name="os.version" value="6.1"/>
    <property name="user.home" value="C:\Users\35-pxiaodong"/>
    <property name="user.timezone" value="Asia/Shanghai"/>
    <property name="java.awt.printerjob" value="sun.awt.windows.WPrinterJob"/>
    <property name="java.specification.version" value="1.8"/>
    <property name="file.encoding" value="UTF-8"/>
    <property name="user.name" value="35-pxiaodong"/>
    <property name="java.class.path" value="E:\Program Files (x86)\sts\soft\sts-4.0.0.RELEASE\plugins\org.eclipse.m2e.maven.runtime_1.9.1.20180912-1600\jars\plexus-classworlds-2.5.2.jar"/>
    <property name="java.vm.specification.version" value="1.8"/>
    <property name="sun.arch.data.model" value="64"/>
    <property name="java.home" value="E:\java\jdk1.8.0_152\jre"/>
    <property name="sun.java.command" value="org.codehaus.plexus.classworlds.launcher.Launcher -B -gs E:\apache-maven-3.3.3\conf\settings.xml -s E:\apache-maven-3.3.3\conf\settings.xml install"/>
    <property name="java.specification.vendor" value="Oracle Corporation"/>
    <property name="user.language" value="zh"/>
    <property name="awt.toolkit" value="sun.awt.windows.WToolkit"/>
    <property name="java.vm.info" value="mixed mode"/>
    <property name="java.version" value="1.8.0_152"/>
    <property name="java.ext.dirs" value="E:\java\jdk1.8.0_152\jre\lib\ext;C:\Windows\Sun\Java\lib\ext"/>
    <property name="sun.boot.class.path" value="E:\java\jdk1.8.0_152\jre\lib\resources.jar;E:\java\jdk1.8.0_152\jre\lib\rt.jar;E:\java\jdk1.8.0_152\jre\lib\sunrsasign.jar;E:\java\jdk1.8.0_152\jre\lib\jsse.jar;E:\java\jdk1.8.0_152\jre\lib\jce.jar;E:\java\jdk1.8.0_152\jre\lib\charsets.jar;E:\java\jdk1.8.0_152\jre\lib\jfr.jar;E:\java\jdk1.8.0_152\jre\classes"/>
    <property name="java.vendor" value="Oracle Corporation"/>
    <property name="maven.home" value="E:\springcloud\imooc-security\EMBEDDED"/>
    <property name="file.separator" value="\"/>
    <property name="java.vendor.url.bug" value="http://bugreport.sun.com/bugreport/"/>
    <property name="sun.cpu.endian" value="little"/>
    <property name="sun.io.unicode.encoding" value="UnicodeLittle"/>
    <property name="sun.desktop" value="windows"/>
    <property name="sun.cpu.isalist" value="amd64"/>
  </properties>
  <testcase classname="com.imooc.web.controller.UserControllerTest" name="whenGetInfoFail" time="0.162"/>
  <testcase classname="com.imooc.web.controller.UserControllerTest" name="whenQuerySuccess" time="0.276"/>
  <testcase classname="com.imooc.web.controller.UserControllerTest" name="whenGenInfoSuccess" time="0.02"/>
</testsuite>